In file included from ../ext/bson.h:17:0,
                 from ../ext/bson.cc:36:
../node_modules/nan/nan.h: In function ‘v8::Local<v8::Signature> NanNew(v8::Handle<v8::FunctionTemplate>, int, v8::Handle<v8::FunctionTemplate>*)’:
../node_modules/nan/nan.h:342:78: error: no matching function for call to ‘v8::Signature::New(v8::Isolate*&, v8::Handle<v8::FunctionTemplate>&, int&, v8::Handle<v8::FunctionTemplate>*&)’
../node_modules/nan/nan.h:342:78: note: candidate is:
In file included from ../ext/bson.cc:14:0:
/root/.node-gyp/0.11.9/deps/v8/include/v8.h:3585:27: note: static v8::Local<v8::Signature> v8::Signature::New(v8::Handle<v8::FunctionTemplate>, int, v8::Handle<v8::FunctionTemplate>*)
/root/.node-gyp/0.11.9/deps/v8/include/v8.h:3585:27: note:   candidate expects 3 arguments, 4 provided
In file included from ../ext/bson.h:17:0,
                 from ../ext/bson.cc:36:
../node_modules/nan/nan.h: In function ‘v8::Local<T> NanNew() [with T = v8::Array]’:
../node_modules/nan/nan.h:370:52: error: invalid conversion from ‘v8::Isolate*’ to ‘int’ [-fpermissive]
In file included from ../ext/bson.cc:14:0:
/root/.node-gyp/0.11.9/deps/v8/include/v8.h:2335:23: error:   initializing argument 1 of ‘static v8::Local<v8::Array> v8::Array::New(int)’ [-fpermissive]
In file included from ../ext/bson.h:17:0,
                 from ../ext/bson.cc:36:
../node_modules/nan/nan.h: In function ‘v8::Local<T> NanNew(P) [with T = v8::Array; P = int]’:
../node_modules/nan/nan.h:375:60: error: no matching function for call to ‘v8::Array::New(v8::Isolate*, int&)’
../node_modules/nan/nan.h:375:60: note: candidate is:
In file included from ../ext/bson.cc:14:0:
/root/.node-gyp/0.11.9/deps/v8/include/v8.h:2335:23: note: static v8::Local<v8::Array> v8::Array::New(int)
/root/.node-gyp/0.11.9/deps/v8/include/v8.h:2335:23: note:   candidate expects 1 argument, 2 provided
In file included from ../ext/bson.h:17:0,
                 from ../ext/bson.cc:36:
../node_modules/nan/nan.h: In function ‘v8::Local<T> NanNew(P) [with T = v8::Date; P = double]’:
../node_modules/nan/nan.h:380:57: error: no matching function for call to ‘v8::Date::New(v8::Isolate*, double&)’
../node_modules/nan/nan.h:380:57: note: candidate is:
In file included from ../ext/bson.cc:14:0:
/root/.node-gyp/0.11.9/deps/v8/include/v8.h:2866:23: note: static v8::Local<v8::Value> v8::Date::New(double)
/root/.node-gyp/0.11.9/deps/v8/include/v8.h:2866:23: note:   candidate expects 1 argument, 2 provided
In file included from ../ext/bson.h:17:0,
                 from ../ext/bson.cc:36:
../node_modules/nan/nan.h:380:70: error: expected primary-expression before ‘>’ token
../node_modules/nan/nan.h:380:72: error: expected primary-expression before ‘)’ token
../node_modules/nan/nan.h: In function ‘v8::Local<T> NanNew(P) [with T = v8::Date; P = int]’:
../node_modules/nan/nan.h:385:57: error: no matching function for call to ‘v8::Date::New(v8::Isolate*, int&)’
../node_modules/nan/nan.h:385:57: note: candidate is:
In file included from ../ext/bson.cc:14:0:
/root/.node-gyp/0.11.9/deps/v8/include/v8.h:2866:23: note: static v8::Local<v8::Value> v8::Date::New(double)
/root/.node-gyp/0.11.9/deps/v8/include/v8.h:2866:23: note:   candidate expects 1 argument, 2 provided
In file included from ../ext/bson.h:17:0,
                 from ../ext/bson.cc:36:
../node_modules/nan/nan.h:385:70: error: expected primary-expression before ‘>’ token
../node_modules/nan/nan.h:385:72: error: expected primary-expression before ‘)’ token
../node_modules/nan/nan.h: At global scope:
../node_modules/nan/nan.h:388:11: error: ‘UnboundScript’ in namespace ‘v8’ does not name a type
../node_modules/nan/nan.h: In function ‘v8::Local<T> NanNew(P, const v8::ScriptOrigin&)’:
../node_modules/nan/nan.h:396:9: error: ‘v8::ScriptCompiler’ has not been declared
../node_modules/nan/nan.h:396:32: error: expected ‘;’ before ‘source’
../node_modules/nan/nan.h:397:16: error: ‘v8::ScriptCompiler’ has not been declared
../node_modules/nan/nan.h:398:37: error: ‘source’ was not declared in this scope
../node_modules/nan/nan.h: At global scope:
../node_modules/nan/nan.h:402:24: error: ‘NanUnboundScript’ was not declared in this scope
../node_modules/nan/nan.h:402:40: error: template argument 1 is invalid
../node_modules/nan/nan.h:402:49: error: ‘NanUnboundScript’ was not declared in this scope
../node_modules/nan/nan.h:402:42: error: template-id ‘NanNew<<expression error> >’ for ‘int NanNew(v8::Local<v8::String>)’ does not match any template declaration
../node_modules/nan/nan.h: In function ‘v8::Local<T> NanNew(P) [with T = v8::NumberObject; P = double]’:
../node_modules/nan/nan.h:432:39: error: no matching function for call to ‘v8::NumberObject::New(v8::Isolate*, double&)’
../node_modules/nan/nan.h:432:39: note: candidate is:
In file included from ../ext/bson.cc:14:0:
/root/.node-gyp/0.11.9/deps/v8/include/v8.h:2904:23: note: static v8::Local<v8::Value> v8::NumberObject::New(double)
/root/.node-gyp/0.11.9/deps/v8/include/v8.h:2904:23: note:   candidate expects 1 argument, 2 provided
In file included from ../ext/bson.h:17:0,
                 from ../ext/bson.cc:36:
../node_modules/nan/nan.h:432:60: error: expected primary-expression before ‘>’ token
../node_modules/nan/nan.h:432:62: error: expected primary-expression before ‘)’ token
../node_modules/nan/nan.h: In function ‘v8::Local<T> NanNew(P) [with T = v8::Uint32; P = int]’:
../node_modules/nan/nan.h:462:39: error: invalid conversion from ‘v8::Isolate*’ to ‘uint32_t {aka unsigned int}’ [-fpermissive]
In file included from ../ext/bson.cc:14:0:
/root/.node-gyp/0.11.9/deps/v8/include/v8.h:1965:25: error:   initializing argument 1 of ‘static v8::Local<v8::Integer> v8::Integer::NewFromUnsigned(uint32_t, v8::Isolate*)’ [-fpermissive]
In file included from ../ext/bson.h:17:0,
                 from ../ext/bson.cc:36:
../node_modules/nan/nan.h:462:39: error: invalid conversion from ‘int32_t {aka int}’ to ‘v8::Isolate*’ [-fpermissive]
In file included from ../ext/bson.cc:14:0:
/root/.node-gyp/0.11.9/deps/v8/include/v8.h:1965:25: error:   initializing argument 2 of ‘static v8::Local<v8::Integer> v8::Integer::NewFromUnsigned(uint32_t, v8::Isolate*)’ [-fpermissive]
In file included from ../ext/bson.h:17:0,
                 from ../ext/bson.cc:36:
../node_modules/nan/nan.h: In function ‘v8::Local<T> NanNew(P) [with T = v8::Uint32; P = unsigned int]’:
../node_modules/nan/nan.h:468:39: error: invalid conversion from ‘v8::Isolate*’ to ‘uint32_t {aka unsigned int}’ [-fpermissive]
In file included from ../ext/bson.cc:14:0:
/root/.node-gyp/0.11.9/deps/v8/include/v8.h:1965:25: error:   initializing argument 1 of ‘static v8::Local<v8::Integer> v8::Integer::NewFromUnsigned(uint32_t, v8::Isolate*)’ [-fpermissive]
In file included from ../ext/bson.h:17:0,
                 from ../ext/bson.cc:36:
../node_modules/nan/nan.h:468:39: error: invalid conversion from ‘uint32_t {aka unsigned int}’ to ‘v8::Isolate*’ [-fpermissive]
In file included from ../ext/bson.cc:14:0:
/root/.node-gyp/0.11.9/deps/v8/include/v8.h:1965:25: error:   initializing argument 2 of ‘static v8::Local<v8::Integer> v8::Integer::NewFromUnsigned(uint32_t, v8::Isolate*)’ [-fpermissive]
In file included from ../ext/bson.h:17:0,
                 from ../ext/bson.cc:36:
../node_modules/nan/nan.h: In function ‘v8::Local<T> NanNew(P) [with T = v8::Int32; P = int]’:
../node_modules/nan/nan.h:473:57: error: invalid conversion from ‘v8::Isolate*’ to ‘int32_t {aka int}’ [-fpermissive]
In file included from ../ext/bson.cc:14:0:
/root/.node-gyp/0.11.9/deps/v8/include/v8.h:1964:25: error:   initializing argument 1 of ‘static v8::Local<v8::Integer> v8::Integer::New(int32_t, v8::Isolate*)’ [-fpermissive]
In file included from ../ext/bson.h:17:0,
                 from ../ext/bson.cc:36:
../node_modules/nan/nan.h:473:57: error: invalid conversion from ‘int32_t {aka int}’ to ‘v8::Isolate*’ [-fpermissive]
In file included from ../ext/bson.cc:14:0:
/root/.node-gyp/0.11.9/deps/v8/include/v8.h:1964:25: error:   initializing argument 2 of ‘static v8::Local<v8::Integer> v8::Integer::New(int32_t, v8::Isolate*)’ [-fpermissive]
In file included from ../ext/bson.h:17:0,
                 from ../ext/bson.cc:36:
../node_modules/nan/nan.h: In function ‘v8::Local<T> NanNew(P) [with T = v8::Int32; P = unsigned int]’:
../node_modules/nan/nan.h:478:57: error: invalid conversion from ‘v8::Isolate*’ to ‘int32_t {aka int}’ [-fpermissive]
In file included from ../ext/bson.cc:14:0:
/root/.node-gyp/0.11.9/deps/v8/include/v8.h:1964:25: error:   initializing argument 1 of ‘static v8::Local<v8::Integer> v8::Integer::New(int32_t, v8::Isolate*)’ [-fpermissive]
In file included from ../ext/bson.h:17:0,
                 from ../ext/bson.cc:36:
../node_modules/nan/nan.h:478:57: error: invalid conversion from ‘uint32_t {aka unsigned int}’ to ‘v8::Isolate*’ [-fpermissive]
In file included from ../ext/bson.cc:14:0:
/root/.node-gyp/0.11.9/deps/v8/include/v8.h:1964:25: error:   initializing argument 2 of ‘static v8::Local<v8::Integer> v8::Integer::New(int32_t, v8::Isolate*)’ [-fpermissive]
In file included from ../ext/bson.h:17:0,
                 from ../ext/bson.cc:36:
../node_modules/nan/nan.h: In function ‘v8::Local<v8::String> NanNew(v8::String::ExternalStringResource*)’:
../node_modules/nan/nan.h:619:71: error: no matching function for call to ‘v8::String::NewExternal(v8::Isolate*, v8::String::ExternalStringResource*&)’
../node_modules/nan/nan.h:619:71: note: candidates are:
In file included from ../ext/bson.cc:14:0:
/root/.node-gyp/0.11.9/deps/v8/include/v8.h:1791:24: note: static v8::Local<v8::String> v8::String::NewExternal(v8::String::ExternalStringResource*)
/root/.node-gyp/0.11.9/deps/v8/include/v8.h:1791:24: note:   candidate expects 1 argument, 2 provided
/root/.node-gyp/0.11.9/deps/v8/include/v8.h:1812:24: note: static v8::Local<v8::String> v8::String::NewExternal(v8::String::ExternalAsciiStringResource*)
/root/.node-gyp/0.11.9/deps/v8/include/v8.h:1812:24: note:   candidate expects 1 argument, 2 provided
In file included from ../ext/bson.h:17:0,
                 from ../ext/bson.cc:36:
../node_modules/nan/nan.h: In function ‘v8::Local<v8::String> NanNew(v8::String::ExternalAsciiStringResource*)’:
../node_modules/nan/nan.h:624:71: error: no matching function for call to ‘v8::String::NewExternal(v8::Isolate*, v8::String::ExternalAsciiStringResource*&)’
../node_modules/nan/nan.h:624:71: note: candidates are:
In file included from ../ext/bson.cc:14:0:
/root/.node-gyp/0.11.9/deps/v8/include/v8.h:1791:24: note: static v8::Local<v8::String> v8::String::NewExternal(v8::String::ExternalStringResource*)
/root/.node-gyp/0.11.9/deps/v8/include/v8.h:1791:24: note:   candidate expects 1 argument, 2 provided
/root/.node-gyp/0.11.9/deps/v8/include/v8.h:1812:24: note: static v8::Local<v8::String> v8::String::NewExternal(v8::String::ExternalAsciiStringResource*)
/root/.node-gyp/0.11.9/deps/v8/include/v8.h:1812:24: note:   candidate expects 1 argument, 2 provided
In file included from ../ext/bson.h:17:0,
                 from ../ext/bson.cc:36:
../node_modules/nan/nan.h: In function ‘void NanSetTemplate(v8::Handle<v8::Template>, const char*, v8::Handle<v8::Data>)’:
../node_modules/nan/nan.h:679:54: error: no matching function for call to ‘v8::Template::Set(v8::Isolate*, const char*&, v8::Handle<v8::Data>&)’
../node_modules/nan/nan.h:679:54: note: candidates are:
In file included from ../ext/bson.cc:14:0:
/root/.node-gyp/0.11.9/deps/v8/include/v8.h:3062:8: note: void v8::Template::Set(v8::Handle<v8::String>, v8::Handle<v8::Data>, v8::PropertyAttribute)
/root/.node-gyp/0.11.9/deps/v8/include/v8.h:3062:8: note:   no known conversion for argument 1 from ‘v8::Isolate*’ to ‘v8::Handle<v8::String>’
/root/.node-gyp/0.11.9/deps/v8/include/v8.h:5973:6: note: void v8::Template::Set(const char*, v8::Handle<v8::Data>)
/root/.node-gyp/0.11.9/deps/v8/include/v8.h:5973:6: note:   candidate expects 2 arguments, 3 provided
In file included from ../ext/bson.h:17:0,
                 from ../ext/bson.cc:36:
../node_modules/nan/nan.h: In function ‘v8::Local<v8::Object> NanNewBufferHandle(char*, size_t, node::smalloc::FreeCallback, void*)’:
../node_modules/nan/nan.h:893:64: error: no matching function for call to ‘New(v8::Isolate*, char*&, size_t&, void (*&)(char*, void*), void*&)’
../node_modules/nan/nan.h:893:64: note: candidates are:
In file included from ../ext/bson.cc:24:0:
/root/.node-gyp/0.11.9/src/node_buffer.h:46:35: note: v8::Local<v8::Object> node::Buffer::New(size_t)
/root/.node-gyp/0.11.9/src/node_buffer.h:46:35: note:   candidate expects 1 argument, 5 provided
/root/.node-gyp/0.11.9/src/node_buffer.h:48:35: note: v8::Local<v8::Object> node::Buffer::New(v8::Handle<v8::String>, node::encoding)
/root/.node-gyp/0.11.9/src/node_buffer.h:48:35: note:   candidate expects 2 arguments, 5 provided
/root/.node-gyp/0.11.9/src/node_buffer.h:52:35: note: v8::Local<v8::Object> node::Buffer::New(const char*, size_t)
/root/.node-gyp/0.11.9/src/node_buffer.h:52:35: note:   candidate expects 2 arguments, 5 provided
/root/.node-gyp/0.11.9/src/node_buffer.h:54:35: note: v8::Local<v8::Object> node::Buffer::New(char*, size_t, node::smalloc::FreeCallback, void*)
/root/.node-gyp/0.11.9/src/node_buffer.h:54:35: note:   candidate expects 4 arguments, 5 provided
In file included from ../ext/bson.h:17:0,
                 from ../ext/bson.cc:36:
../node_modules/nan/nan.h: In function ‘v8::Local<v8::Object> NanNewBufferHandle(const char*, uint32_t)’:
../node_modules/nan/nan.h:900:67: error: no matching function for call to ‘New(v8::Isolate*, const char*&, uint32_t&)’
../node_modules/nan/nan.h:900:67: note: candidates are:
In file included from ../ext/bson.cc:24:0:
/root/.node-gyp/0.11.9/src/node_buffer.h:46:35: note: v8::Local<v8::Object> node::Buffer::New(size_t)
/root/.node-gyp/0.11.9/src/node_buffer.h:46:35: note:   candidate expects 1 argument, 3 provided
/root/.node-gyp/0.11.9/src/node_buffer.h:48:35: note: v8::Local<v8::Object> node::Buffer::New(v8::Handle<v8::String>, node::encoding)
/root/.node-gyp/0.11.9/src/node_buffer.h:48:35: note:   candidate expects 2 arguments, 3 provided
/root/.node-gyp/0.11.9/src/node_buffer.h:52:35: note: v8::Local<v8::Object> node::Buffer::New(const char*, size_t)
/root/.node-gyp/0.11.9/src/node_buffer.h:52:35: note:   candidate expects 2 arguments, 3 provided
/root/.node-gyp/0.11.9/src/node_buffer.h:54:35: note: v8::Local<v8::Object> node::Buffer::New(char*, size_t, node::smalloc::FreeCallback, void*)
/root/.node-gyp/0.11.9/src/node_buffer.h:54:35: note:   candidate expects 4 arguments, 3 provided
In file included from ../ext/bson.h:17:0,
                 from ../ext/bson.cc:36:
../node_modules/nan/nan.h: In function ‘v8::Local<v8::Object> NanNewBufferHandle(uint32_t)’:
../node_modules/nan/nan.h:904:61: error: no matching function for call to ‘New(v8::Isolate*, uint32_t&)’
../node_modules/nan/nan.h:904:61: note: candidates are:
In file included from ../ext/bson.cc:24:0:
/root/.node-gyp/0.11.9/src/node_buffer.h:46:35: note: v8::Local<v8::Object> node::Buffer::New(size_t)
/root/.node-gyp/0.11.9/src/node_buffer.h:46:35: note:   candidate expects 1 argument, 2 provided
/root/.node-gyp/0.11.9/src/node_buffer.h:48:35: note: v8::Local<v8::Object> node::Buffer::New(v8::Handle<v8::String>, node::encoding)
/root/.node-gyp/0.11.9/src/node_buffer.h:48:35: note:   no known conversion for argument 1 from ‘v8::Isolate*’ to ‘v8::Handle<v8::String>’
/root/.node-gyp/0.11.9/src/node_buffer.h:52:35: note: v8::Local<v8::Object> node::Buffer::New(const char*, size_t)
/root/.node-gyp/0.11.9/src/node_buffer.h:52:35: note:   no known conversion for argument 1 from ‘v8::Isolate*’ to ‘const char*’
/root/.node-gyp/0.11.9/src/node_buffer.h:54:35: note: v8::Local<v8::Object> node::Buffer::New(char*, size_t, node::smalloc::FreeCallback, void*)
/root/.node-gyp/0.11.9/src/node_buffer.h:54:35: note:   candidate expects 4 arguments, 2 provided
In file included from ../ext/bson.h:17:0,
                 from ../ext/bson.cc:36:
../node_modules/nan/nan.h: In function ‘v8::Local<v8::Object> NanBufferUse(char*, uint32_t)’:
../node_modules/nan/nan.h:911:67: error: cannot convert ‘v8::Isolate*’ to ‘char*’ for argument ‘1’ to ‘v8::Local<v8::Object> node::Buffer::Use(char*, uint32_t)’
../node_modules/nan/nan.h: In function ‘v8::Local<v8::Script> NanCompileScript(v8::Local<v8::String>, const v8::ScriptOrigin&)’:
../node_modules/nan/nan.h:937:9: error: ‘v8::ScriptCompiler’ has not been declared
../node_modules/nan/nan.h:937:32: error: expected ‘;’ before ‘source’
../node_modules/nan/nan.h:938:16: error: ‘v8::ScriptCompiler’ has not been declared
../node_modules/nan/nan.h:938:68: error: ‘source’ was not declared in this scope
../node_modules/nan/nan.h: In function ‘v8::Local<v8::Script> NanCompileScript(v8::Local<v8::String>)’:
../node_modules/nan/nan.h:944:9: error: ‘v8::ScriptCompiler’ has not been declared
../node_modules/nan/nan.h:944:32: error: expected ‘;’ before ‘source’
../node_modules/nan/nan.h:945:16: error: ‘v8::ScriptCompiler’ has not been declared
../node_modules/nan/nan.h:945:68: error: ‘source’ was not declared in this scope
../node_modules/nan/nan.h: At global scope:
../node_modules/nan/nan.h:949:18: error: ‘NanUnboundScript’ was not declared in this scope
../node_modules/nan/nan.h:949:34: error: template argument 1 is invalid
../node_modules/nan/nan.h: In function ‘v8::Local<v8::Value> NanRunScript(int)’:
../node_modules/nan/nan.h:951:18: error: base operand of ‘->’ is not a pointer
../node_modules/nan/nan.h: In function ‘v8::Local<v8::Value> NanMakeCallback(v8::Handle<v8::Object>, v8::Handle<v8::Function>, int, v8::Handle<v8::Value>*)’:
../node_modules/nan/nan.h:966:60: error: no matching function for call to ‘MakeCallback(v8::Isolate*, v8::Handle<v8::Object>&, v8::Handle<v8::Function>&, int&, v8::Handle<v8::Value>*&)’
../node_modules/nan/nan.h:966:60: note: candidates are:
In file included from ../ext/bson.cc:22:0:
/root/.node-gyp/0.11.9/src/node.h:88:35: note: v8::Handle<v8::Value> node::MakeCallback(v8::Handle<v8::Object>, const char*, int, v8::Handle<v8::Value>*)
/root/.node-gyp/0.11.9/src/node.h:88:35: note:   candidate expects 4 arguments, 5 provided
/root/.node-gyp/0.11.9/src/node.h:93:35: note: v8::Handle<v8::Value> node::MakeCallback(v8::Handle<v8::Object>, v8::Handle<v8::String>, int, v8::Handle<v8::Value>*)
/root/.node-gyp/0.11.9/src/node.h:93:35: note:   candidate expects 4 arguments, 5 provided
/root/.node-gyp/0.11.9/src/node.h:98:35: note: v8::Handle<v8::Value> node::MakeCallback(v8::Handle<v8::Object>, v8::Handle<v8::Function>, int, v8::Handle<v8::Value>*)
/root/.node-gyp/0.11.9/src/node.h:98:35: note:   candidate expects 4 arguments, 5 provided
In file included from ../ext/bson.h:17:0,
                 from ../ext/bson.cc:36:
../node_modules/nan/nan.h: In member function ‘void NanCallback::Call(int, v8::Handle<v8::Value>*) const’:
../node_modules/nan/nan.h:1721:5: error: no matching function for call to ‘MakeCallback(v8::Isolate*&, v8::Local<v8::Object>, v8::Local<v8::Function>&, int&, v8::Handle<v8::Value>*&)’
../node_modules/nan/nan.h:1721:5: note: candidates are:
In file included from ../ext/bson.cc:22:0:
/root/.node-gyp/0.11.9/src/node.h:88:35: note: v8::Handle<v8::Value> node::MakeCallback(v8::Handle<v8::Object>, const char*, int, v8::Handle<v8::Value>*)
/root/.node-gyp/0.11.9/src/node.h:88:35: note:   candidate expects 4 arguments, 5 provided
/root/.node-gyp/0.11.9/src/node.h:93:35: note: v8::Handle<v8::Value> node::MakeCallback(v8::Handle<v8::Object>, v8::Handle<v8::String>, int, v8::Handle<v8::Value>*)
/root/.node-gyp/0.11.9/src/node.h:93:35: note:   candidate expects 4 arguments, 5 provided
/root/.node-gyp/0.11.9/src/node.h:98:35: note: v8::Handle<v8::Value> node::MakeCallback(v8::Handle<v8::Object>, v8::Handle<v8::Function>, int, v8::Handle<v8::Value>*)
/root/.node-gyp/0.11.9/src/node.h:98:35: note:   candidate expects 4 arguments, 5 provided
../ext/bson.cc: In member function ‘void BSONSerializer<T>::SerializeValue(void*, const v8::Handle<v8::Value>&)’:
../ext/bson.cc:229:78: error: no matching function for call to ‘v8::Object::Get(v8::Persistent<v8::String, v8::NonCopyablePersistentTraits<v8::String> >&)’
../ext/bson.cc:229:78: note: candidates are:
In file included from ../ext/bson.cc:14:0:
/root/.node-gyp/0.11.9/deps/v8/include/v8.h:2075:16: note: v8::Local<v8::Value> v8::Object::Get(v8::Handle<v8::Value>)
/root/.node-gyp/0.11.9/deps/v8/include/v8.h:2075:16: note:   no known conversion for argument 1 from ‘v8::Persistent<v8::String, v8::NonCopyablePersistentTraits<v8::String> >’ to ‘v8::Handle<v8::Value>’
/root/.node-gyp/0.11.9/deps/v8/include/v8.h:2077:16: note: v8::Local<v8::Value> v8::Object::Get(uint32_t)
/root/.node-gyp/0.11.9/deps/v8/include/v8.h:2077:16: note:   no known conversion for argument 1 from ‘v8::Persistent<v8::String, v8::NonCopyablePersistentTraits<v8::String> >’ to ‘uint32_t {aka unsigned int}’
In file included from ../ext/bson.h:17:0,
                 from ../ext/bson.cc:36:
../node_modules/nan/nan.h: In instantiation of ‘v8::Local<T> NanNew(P) [with T = v8::Integer; P = int]’:
../node_modules/nan/nan.h:606:35:   required from here
../node_modules/nan/nan.h:334:50: error: invalid conversion from ‘v8::Isolate*’ to ‘int32_t {aka int}’ [-fpermissive]
In file included from ../ext/bson.cc:14:0:
/root/.node-gyp/0.11.9/deps/v8/include/v8.h:1964:25: error:   initializing argument 1 of ‘static v8::Local<v8::Integer> v8::Integer::New(int32_t, v8::Isolate*)’ [-fpermissive]
In file included from ../ext/bson.h:17:0,
                 from ../ext/bson.cc:36:
../node_modules/nan/nan.h:334:50: error: invalid conversion from ‘int’ to ‘v8::Isolate*’ [-fpermissive]
In file included from ../ext/bson.cc:14:0:
/root/.node-gyp/0.11.9/deps/v8/include/v8.h:1964:25: error:   initializing argument 2 of ‘static v8::Local<v8::Integer> v8::Integer::New(int32_t, v8::Isolate*)’ [-fpermissive]
In file included from ../ext/bson.h:17:0,
                 from ../ext/bson.cc:36:
../node_modules/nan/nan.h: In instantiation of ‘v8::Local<T> NanNew(P) [with T = v8::Boolean; P = bool]’:
../node_modules/nan/nan.h:614:35:   required from here
../node_modules/nan/nan.h:334:50: error: no matching function for call to ‘v8::Boolean::New(v8::Isolate*, bool&)’
../node_modules/nan/nan.h:334:50: note: candidate is:
In file included from ../ext/bson.cc:14:0:
/root/.node-gyp/0.11.9/deps/v8/include/v8.h:5967:17: note: static v8::Handle<v8::Boolean> v8::Boolean::New(bool)
/root/.node-gyp/0.11.9/deps/v8/include/v8.h:5967:17: note:   candidate expects 1 argument, 2 provided
In file included from ../ext/bson.h:17:0,
                 from ../ext/bson.cc:36:
../node_modules/nan/nan.h: In instantiation of ‘v8::Local<T> NanNew() [with T = v8::Object]’:
../node_modules/nan/nan.h:1677:52:   required from here
../node_modules/nan/nan.h:329:44: error: no matching function for call to ‘v8::Object::New(v8::Isolate*)’
../node_modules/nan/nan.h:329:44: note: candidate is:
In file included from ../ext/bson.cc:14:0:
/root/.node-gyp/0.11.9/deps/v8/include/v8.h:2307:24: note: static v8::Local<v8::Object> v8::Object::New()
/root/.node-gyp/0.11.9/deps/v8/include/v8.h:2307:24: note:   candidate expects 0 arguments, 1 provided
In file included from ../ext/bson.h:17:0,
                 from ../ext/bson.cc:36:
../node_modules/nan/nan.h: In instantiation of ‘v8::Local<v8::FunctionTemplate> NanNew(NanFunctionCallback, v8::Handle<v8::Value>, v8::Handle<v8::Signature>) [with T = v8::FunctionTemplate; NanFunctionCallback = void (*)(const v8::FunctionCallbackInfo<v8::Value>&)]’:
../ext/bson.cc:667:58:   required from here
../node_modules/nan/nan.h:350:71: error: no matching function for call to ‘v8::FunctionTemplate::New(v8::Isolate*, void (*&)(const v8::FunctionCallbackInfo<v8::Value>&), v8::Handle<v8::Value>&, v8::Handle<v8::Signature>&)’
../node_modules/nan/nan.h:350:71: note: candidate is:
In file included from ../ext/bson.cc:14:0:
/root/.node-gyp/0.11.9/deps/v8/include/v8.h:3346:34: note: static v8::Local<v8::FunctionTemplate> v8::FunctionTemplate::New(v8::FunctionCallback, v8::Handle<v8::Value>, v8::Handle<v8::Signature>, int)
/root/.node-gyp/0.11.9/deps/v8/include/v8.h:3346:34: note:   no known conversion for argument 1 from ‘v8::Isolate*’ to ‘v8::FunctionCallback {aka void (*)(const v8::FunctionCallbackInfo<v8::Value>&)}’
../ext/bson.cc: In instantiation of ‘void BSONSerializer<T>::SerializeValue(void*, const v8::Handle<v8::Value>&) [with T = CountStream]’:
../ext/bson.cc:123:4:   required from ‘void BSONSerializer<T>::SerializeDocument(const v8::Handle<v8::Value>&) [with T = CountStream]’
../ext/bson.cc:898:35:   required from here
/root/.node-gyp/0.11.9/deps/v8/include/v8.h:390:32: error: ‘v8::Local<T>::Local(S*) [with S = v8::Value; T = v8::Value]’ is private
../ext/bson.cc:154:24: error: within this context
In file included from ../ext/bson.cc:14:0:
../ext/bson.cc: In instantiation of ‘void BSONSerializer<T>::SerializeValue(void*, const v8::Handle<v8::Value>&) [with T = DataStream]’:
../ext/bson.cc:123:4:   required from ‘void BSONSerializer<T>::SerializeDocument(const v8::Handle<v8::Value>&) [with T = DataStream]’
../ext/bson.cc:908:32:   required from here
/root/.node-gyp/0.11.9/deps/v8/include/v8.h:390:32: error: ‘v8::Local<T>::Local(S*) [with S = v8::Value; T = v8::Value]’ is private
../ext/bson.cc:154:24: error: within this context
In file included from ../ext/bson.h:17:0,
                 from ../ext/bson.cc:36:
../node_modules/nan/nan.h: In function ‘v8::Local<v8::Object> NanNewBufferHandle(const char*, uint32_t)’:
../node_modules/nan/nan.h:901:3: warning: control reaches end of non-void function [-Wreturn-type]
../node_modules/nan/nan.h: In function ‘v8::Local<v8::FunctionTemplate> NanNew(NanFunctionCallback, v8::Handle<v8::Value>, v8::Handle<v8::Signature>) [with T = v8::FunctionTemplate; NanFunctionCallback = void (*)(const v8::FunctionCallbackInfo<v8::Value>&)]’:
../node_modules/nan/nan.h:351:3: warning: control reaches end of non-void function [-Wreturn-type]
../node_modules/nan/nan.h: In function ‘v8::Local<T> NanNew() [with T = v8::Object]’:
../node_modules/nan/nan.h:330:3: warning: control reaches end of non-void function [-Wreturn-type]
../node_modules/nan/nan.h: In function ‘v8::Local<T> NanNew(P) [with T = v8::Date; P = double]’:
../node_modules/nan/nan.h:381:3: warning: control reaches end of non-void function [-Wreturn-type]
make: *** [Release/obj.target/bson/ext/bson.o] Erreur 1
gyp ERR! build error 
gyp ERR! stack Error: `make` failed with exit code: 2
gyp ERR! stack     at ChildProcess.onExit (/usr/local/lib/node_modules/npm/node_modules/node-gyp/lib/build.js:267:23)
gyp ERR! stack     at ChildProcess.EventEmitter.emit (events.js:101:17)
gyp ERR! stack     at Process.ChildProcess._handle.onexit (child_process.js:827:12)
gyp ERR! System Linux 3.2.0-4-686-pae
gyp ERR! command "node" "/usr/local/lib/node_modules/npm/node_modules/node-gyp/bin/node-gyp.js" "rebuild"
gyp ERR! cwd /home/hub_domo_cuesmes/node_modules/mongoose/node_modules/mongodb/node_modules/bson
gyp ERR! node -v v0.11.9
gyp ERR! node-gyp -v v0.12.1
gyp ERR! not ok 
